<?xml version="1.0" encoding="UTF-8"?>
<!-- Generated by org.testng.reporters.JUnitReportReporter -->
<testsuite hostname="MAVBCP1170" failures="0" tests="2" name="Step.ParallelTestWithMultiThread" time="26.251" errors="0" timestamp="2021-02-22T18:34:47 IST" skipped="0">
  <testcase classname="Step.ParallelTestWithMultiThread" name="testOnChromeWithBrowserStackUrl" time="8.419"/>
  <system-out/>
  <testcase classname="Step.ParallelTestWithMultiThread" name="testOnChromeWithBrowserStackSignUp" time="17.832"/>
  <system-out/>
</testsuite> <!-- Step.ParallelTestWithMultiThread -->
